<?xml version="1.0" encoding="UTF-8"?>
<testsuite name="au.edu.sydney.brawndo.erp.spfea.SPFEAFacadeImplTest" tests="1" skipped="0" failures="0" errors="0" timestamp="2019-03-21T12:45:21" hostname="DESKTOP-2GBR9MJ" time="0.0">
  <properties/>
  <testcase name="setToDOProvider" classname="au.edu.sydney.brawndo.erp.spfea.SPFEAFacadeImplTest" time="0.0"/>
  <system-out><![CDATA[]]></system-out>
  <system-err><![CDATA[]]></system-err>
</testsuite>
