<?xml version="1.0" encoding="UTF-8"?>
<testsuite name="au.edu.sydney.brawndo.erp.todo.ToDoListImplTest" tests="18" skipped="0" failures="0" errors="0" timestamp="2019-03-21T12:45:21" hostname="DESKTOP-2GBR9MJ" time="0.007">
  <properties/>
  <testcase name="findOne_null" classname="au.edu.sydney.brawndo.erp.todo.ToDoListImplTest" time="0.0"/>
  <testcase name="findAllComp_normal" classname="au.edu.sydney.brawndo.erp.todo.ToDoListImplTest" time="0.0"/>
  <testcase name="findOne_normal" classname="au.edu.sydney.brawndo.erp.todo.ToDoListImplTest" time="0.002"/>
  <testcase name="add_SameSetID" classname="au.edu.sydney.brawndo.erp.todo.ToDoListImplTest" time="0.0"/>
  <testcase name="remove_empty" classname="au.edu.sydney.brawndo.erp.todo.ToDoListImplTest" time="0.0"/>
  <testcase name="remove_false" classname="au.edu.sydney.brawndo.erp.todo.ToDoListImplTest" time="0.0"/>
  <testcase name="findAllMapAnd" classname="au.edu.sydney.brawndo.erp.todo.ToDoListImplTest" time="0.001"/>
  <testcase name="clear" classname="au.edu.sydney.brawndo.erp.todo.ToDoListImplTest" time="0.0"/>
  <testcase name="findAll_empty" classname="au.edu.sydney.brawndo.erp.todo.ToDoListImplTest" time="0.0"/>
  <testcase name="findAll_normal" classname="au.edu.sydney.brawndo.erp.todo.ToDoListImplTest" time="0.0"/>
  <testcase name="remove_existingSingle" classname="au.edu.sydney.brawndo.erp.todo.ToDoListImplTest" time="0.0"/>
  <testcase name="findAll_TimeNull" classname="au.edu.sydney.brawndo.erp.todo.ToDoListImplTest" time="0.001"/>
  <testcase name="add_setToNull" classname="au.edu.sydney.brawndo.erp.todo.ToDoListImplTest" time="0.0"/>
  <testcase name="add_nullToSet" classname="au.edu.sydney.brawndo.erp.todo.ToDoListImplTest" time="0.0"/>
  <testcase name="add_nullId" classname="au.edu.sydney.brawndo.erp.todo.ToDoListImplTest" time="0.0"/>
  <testcase name="findAllMapOR" classname="au.edu.sydney.brawndo.erp.todo.ToDoListImplTest" time="0.001"/>
  <testcase name="findAll_Time" classname="au.edu.sydney.brawndo.erp.todo.ToDoListImplTest" time="0.0"/>
  <testcase name="findOne_testFindAllDoesntChangeTDL" classname="au.edu.sydney.brawndo.erp.todo.ToDoListImplTest" time="0.0"/>
  <system-out><![CDATA[0 Sydney Test
1 Melbourne Test
2 Melbourne1 Test
3 Melbourne2 Test
4 Melbourne3 Test
5 Victoria Test2
]]></system-out>
  <system-err><![CDATA[]]></system-err>
</testsuite>
