<?xml version="1.0" encoding="UTF-8"?>
<testsuite name="au.edu.sydney.brawndo.erp.todo.TaskImplTest" tests="1" skipped="0" failures="0" errors="0" timestamp="2019-03-20T18:15:12" hostname="DESKTOP-2GBR9MJ" time="0.03">
  <properties/>
  <testcase name="getID_idHigh" classname="au.edu.sydney.brawndo.erp.todo.TaskImplTest" time="0.03"/>
  <system-out><![CDATA[]]></system-out>
  <system-err><![CDATA[]]></system-err>
</testsuite>
