<?xml version="1.0" encoding="UTF-8"?>
<testsuite name="au.edu.sydney.brawndo.erp.todo.ToDoListImplTest" tests="10" skipped="0" failures="0" errors="0" timestamp="2019-03-21T11:11:28" hostname="DESKTOP-2GBR9MJ" time="0.01">
  <properties/>
  <testcase name="findOne_null" classname="au.edu.sydney.brawndo.erp.todo.ToDoListImplTest" time="0.0"/>
  <testcase name="findOne_normal" classname="au.edu.sydney.brawndo.erp.todo.ToDoListImplTest" time="0.005"/>
  <testcase name="add_SameSetID" classname="au.edu.sydney.brawndo.erp.todo.ToDoListImplTest" time="0.0"/>
  <testcase name="remove_empty" classname="au.edu.sydney.brawndo.erp.todo.ToDoListImplTest" time="0.0"/>
  <testcase name="findAllMapAnd" classname="au.edu.sydney.brawndo.erp.todo.ToDoListImplTest" time="0.001"/>
  <testcase name="remove_existingSingle" classname="au.edu.sydney.brawndo.erp.todo.ToDoListImplTest" time="0.0"/>
  <testcase name="add_setToNull" classname="au.edu.sydney.brawndo.erp.todo.ToDoListImplTest" time="0.0"/>
  <testcase name="add_nullToSet" classname="au.edu.sydney.brawndo.erp.todo.ToDoListImplTest" time="0.001"/>
  <testcase name="add_nullId" classname="au.edu.sydney.brawndo.erp.todo.ToDoListImplTest" time="0.0"/>
  <testcase name="findAllMapOR" classname="au.edu.sydney.brawndo.erp.todo.ToDoListImplTest" time="0.001"/>
  <system-out><![CDATA[add task.location Sydney and ID 00 Sydney Test
add task.location Melbourne and ID 10 Sydney Test
1 Melbourne Test
add task.location Melbourne1 and ID 20 Sydney Test
1 Melbourne Test
2 Melbourne1 Test
add task.location Melbourne2 and ID 30 Sydney Test
1 Melbourne Test
2 Melbourne1 Test
3 Melbourne2 Test
add task.location Melbourne3 and ID 40 Sydney Test
1 Melbourne Test
2 Melbourne1 Test
3 Melbourne2 Test
4 Melbourne3 Test
add task.location Victoria and ID 50 Sydney Test
1 Melbourne Test
2 Melbourne1 Test
3 Melbourne2 Test
4 Melbourne3 Test
5 Victoria Test2
0 Sydney Test
1 Melbourne Test
2 Melbourne1 Test
3 Melbourne2 Test
4 Melbourne3 Test
5 Victoria Test2
add task.location Sydney and ID 11 Sydney Test
add task.location Sydney and ID 1010 Sydney Test
add task.location Victoria and ID 510 Sydney Test
5 Victoria Test2
add task.location Victoriaqqqqqk and ID 610 Sydney Test
5 Victoria Test2
6 Victoriaqqqqqk Testaqqqqqda
test list And Sydney Test
add task.location Sydney and ID 1010 Sydney Test
add task.location Sydney and ID 1010 Sydney Test2
add task.location Sydney and ID 00 Sydney Test
add task.location Victoria and ID 40 Sydney Test
4 Victoria Test
add task.location Sydney and ID 00 Sydney Test
add task.location Sydney and ID 1010 Sydney Test
add task.location Victoria and ID 510 Sydney Test
5 Victoria Test2
add task.location Victoriadjkfsak and ID 610 Sydney Test
5 Victoria Test2
6 Victoriadjkfsak Testasda
]]></system-out>
  <system-err><![CDATA[]]></system-err>
</testsuite>
